{"name": "Создание курьера без обязательного поля должно завершаться ошибкой", "status": "failed", "statusDetails": {"message": "AssertionError: Ожидался код 400 при отсутствии обязательного поля. Отправленные данные: {'login': 'cksdcbzw', 'password': 'brrqrppd', 'firstName': None}. Ответ сервера: {\"ok\":true}\nassert 201 == 400\n +  where 201 = <Response [201]>.status_code", "trace": "incomplete_data = {'firstName': None, 'login': 'cksdcbzw', 'password': 'brrqrppd'}\n\n    @allure.title(\"Создание курьера без обязательного поля должно завершаться ошибкой\")\n    @pytest.mark.parametrize('incomplete_data', CreateCourier.get_incomplete_data())\n    def test_create_courier_missing_required_field(incomplete_data):\n        with allure.step(f\"Отправляем запрос с неполными данными: {incomplete_data}\"):\n            response = requests.post(BASE_URL, json=incomplete_data)\n    \n        with allure.step(\"Проверяем, что получен код 400 и сообщение об ошибке\"):\n>           assert response.status_code == 400, (\n                f\"Ожидался код 400 при отсутствии обязательного поля. \"\n                f\"Отправленные данные: {incomplete_data}. \"\n                f\"Ответ сервера: {response.text}\"\n            )\nE           AssertionError: Ожидался код 400 при отсутствии обязательного поля. Отправленные данные: {'login': 'cksdcbzw', 'password': 'brrqrppd', 'firstName': None}. Ответ сервера: {\"ok\":true}\nE           assert 201 == 400\nE            +  where 201 = <Response [201]>.status_code\n\ntests/courier/test_create_courier.py:43: AssertionError"}, "steps": [{"name": "Отправляем запрос с неполными данными: {'login': 'cksdcbzw', 'password': 'brrqrppd', 'firstName': None}", "status": "passed", "start": 1752987102499, "stop": 1752987104208}, {"name": "Проверяем, что получен код 400 и сообщение об ошибке", "status": "failed", "statusDetails": {"message": "AssertionError: Ожидался код 400 при отсутствии обязательного поля. Отправленные данные: {'login': 'cksdcbzw', 'password': 'brrqrppd', 'firstName': None}. Ответ сервера: {\"ok\":true}\nassert 201 == 400\n +  where 201 = <Response [201]>.status_code\n", "trace": "  File \"/Users/michaelsut/Desktop/Sprint_7/tests/courier/test_create_courier.py\", line 43, in test_create_courier_missing_required_field\n    assert response.status_code == 400, (\n"}, "start": 1752987104208, "stop": 1752987104209}], "parameters": [{"name": "incomplete_data", "value": "{'login': 'cksdcbzw', 'password': 'brrqrppd', 'firstName': None}"}], "start": 1752987102499, "stop": 1752987104210, "uuid": "54b47380-631c-4f76-80c4-9d7cf77c4c4a", "historyId": "a3a67aafaa6b8c8f34a960b6ba44bcbd", "testCaseId": "00c907ce273dea5b1235a246cac91286", "fullName": "tests.courier.test_create_courier#test_create_courier_missing_required_field", "labels": [{"name": "parentSuite", "value": "tests.courier"}, {"name": "suite", "value": "test_create_courier"}, {"name": "host", "value": "Michaels-MacBook-Pro.local"}, {"name": "thread", "value": "71409-MainThread"}, {"name": "framework", "value": "pytest"}, {"name": "language", "value": "cpython3"}, {"name": "package", "value": "tests.courier.test_create_courier"}]}